2023-06-09T07:23:30.173Z [warn] WARNING: {{date-format}} was not converted as it has positional parameters which can't be automatically converted. Source: app/templates/people/person/positions/agent/index.hbs
2023-06-09T07:23:30.292Z [warn] WARNING: {{page-title}} was not converted as it has positional parameters which can't be automatically converted. Source: app/templates/people/person/positions/mandatory.hbs
2023-06-09T07:23:30.294Z [warn] WARNING: {{breadcrumb}} was not converted as it has positional parameters which can't be automatically converted. Source: app/templates/people/person/positions/mandatory.hbs
2023-06-09T07:23:30.297Z [warn] WARNING: {{page-title}} was not converted as it has positional parameters which can't be automatically converted. Source: app/templates/people/person/positions/minister.hbs
2023-06-09T07:23:30.298Z [warn] WARNING: {{breadcrumb}} was not converted as it has positional parameters which can't be automatically converted. Source: app/templates/people/person/positions/minister.hbs
2023-06-09T07:23:30.176Z [warn] WARNING: {{date-format}} was not converted as it has positional parameters which can't be automatically converted. Source: app/templates/people/person/positions/agent/index.hbs
2023-06-09T07:23:30.176Z [warn] WARNING: {{date-format}} was not converted as it has positional parameters which can't be automatically converted. Source: app/templates/people/person/positions/agent/index.hbs
2023-06-09T07:23:30.261Z [warn] WARNING: {{date-format}} was not converted as it has positional parameters which can't be automatically converted. Source: app/templates/people/person/positions/mandatory/index.hbs
2023-06-09T07:23:30.262Z [warn] WARNING: {{date-format}} was not converted as it has positional parameters which can't be automatically converted. Source: app/templates/people/person/positions/mandatory/index.hbs
2023-06-09T07:23:30.263Z [warn] WARNING: {{date-format}} was not converted as it has positional parameters which can't be automatically converted. Source: app/templates/people/person/positions/mandatory/index.hbs
2023-06-09T07:23:30.293Z [warn] WARNING: {{date-format}} was not converted as it has positional parameters which can't be automatically converted. Source: app/templates/people/person/positions/minister/index.hbs
2023-06-09T07:23:30.293Z [warn] WARNING: {{date-format}} was not converted as it has positional parameters which can't be automatically converted. Source: app/templates/people/person/positions/minister/index.hbs
2023-06-09T07:23:30.294Z [warn] WARNING: {{receives-financing}} was not converted as it has positional parameters which can't be automatically converted. Source: app/templates/people/person/positions/minister/index.hbs
2023-06-09T07:23:30.337Z [warn] WARNING: {{page-title}} was not converted as it has positional parameters which can't be automatically converted. Source: app/templates/people/person.hbs
2023-06-09T07:23:30.411Z [warn] WARNING: {{config}} was not converted as it has positional parameters which can't be automatically converted. Source: app/templates/login.hbs
2023-06-09T07:23:30.341Z [warn] WARNING: {{breadcrumb}} was not converted as it has positional parameters which can't be automatically converted. Source: app/templates/people/person.hbs
2023-06-09T07:23:30.357Z [warn] WARNING: {{page-title}} was not converted as it has positional parameters which can't be automatically converted. Source: app/templates/administrative-units/administrative-unit.hbs
2023-06-09T07:23:30.357Z [warn] WARNING: {{breadcrumb}} was not converted as it has positional parameters which can't be automatically converted. Source: app/templates/administrative-units/administrative-unit.hbs
2023-06-09T07:23:30.464Z [warn] WARNING: {{page-title}} was not converted as it has positional parameters which can't be automatically converted. Source: app/templates/people/person/contacts.hbs
2023-06-09T07:23:30.465Z [warn] WARNING: {{page-title}} was not converted as it has positional parameters which can't be automatically converted. Source: app/templates/people/person/personal-information.hbs
2023-06-09T07:23:30.467Z [warn] WARNING: {{date-format}} was not converted as it has positional parameters which can't be automatically converted. Source: app/templates/people/person/personal-information.hbs
2023-06-09T07:23:30.468Z [warn] WARNING: {{rrn-format}} was not converted as it has positional parameters which can't be automatically converted. Source: app/templates/people/person/personal-information.hbs
2023-06-09T07:23:30.475Z [warn] WARNING: {{page-title}} was not converted as it has positional parameters which can't be automatically converted. Source: app/templates/legal/disclaimer.hbs
2023-06-09T07:23:30.466Z [warn] WARNING: {{breadcrumb}} was not converted as it has positional parameters which can't be automatically converted. Source: app/templates/people/person/contacts.hbs
2023-06-09T07:23:30.483Z [warn] WARNING: {{page-title}} was not converted as it has positional parameters which can't be automatically converted. Source: app/templates/administrative-units/administrative-unit/ministers.hbs
2023-06-09T07:23:30.483Z [warn] WARNING: {{breadcrumb}} was not converted as it has positional parameters which can't be automatically converted. Source: app/templates/administrative-units/administrative-unit/ministers.hbs
2023-06-09T07:23:30.484Z [warn] WARNING: {{page-title}} was not converted as it has positional parameters which can't be automatically converted. Source: app/templates/administrative-units/administrative-unit/governing-bodies.hbs
2023-06-09T07:23:30.485Z [warn] WARNING: {{breadcrumb}} was not converted as it has positional parameters which can't be automatically converted. Source: app/templates/administrative-units/administrative-unit/governing-bodies.hbs
2023-06-09T07:23:30.535Z [warn] WARNING: {{page-title}} was not converted as it has positional parameters which can't be automatically converted. Source: app/templates/people/person/positions/agent.hbs
2023-06-09T07:23:30.537Z [warn] WARNING: {{breadcrumb}} was not converted as it has positional parameters which can't be automatically converted. Source: app/templates/people/person/positions/agent.hbs
2023-06-09T07:23:30.689Z [warn] WARNING: {{date-format}} was not converted as it has positional parameters which can't be automatically converted. Source: app/templates/administrative-units/administrative-unit/governing-bodies/governing-body/index.hbs
2023-06-09T07:23:30.696Z [warn] WARNING: {{page-title}} was not converted as it has positional parameters which can't be automatically converted. Source: app/templates/people.hbs
2023-06-09T07:23:30.691Z [warn] WARNING: {{date-format}} was not converted as it has positional parameters which can't be automatically converted. Source: app/templates/administrative-units/administrative-unit/governing-bodies/governing-body/index.hbs
2023-06-09T07:23:30.691Z [warn] WARNING: {{date-format}} was not converted as it has positional parameters which can't be automatically converted. Source: app/templates/administrative-units/administrative-unit/governing-bodies/governing-body/index.hbs
2023-06-09T07:23:30.692Z [warn] WARNING: {{date-format}} was not converted as it has positional parameters which can't be automatically converted. Source: app/templates/administrative-units/administrative-unit/governing-bodies/governing-body/index.hbs
2023-06-09T07:23:30.692Z [warn] WARNING: {{date-format}} was not converted as it has positional parameters which can't be automatically converted. Source: app/templates/administrative-units/administrative-unit/governing-bodies/governing-body/index.hbs
2023-06-09T07:23:30.692Z [warn] WARNING: {{date-format}} was not converted as it has positional parameters which can't be automatically converted. Source: app/templates/administrative-units/administrative-unit/governing-bodies/governing-body/index.hbs
2023-06-09T07:23:30.692Z [warn] WARNING: {{date-format}} was not converted as it has positional parameters which can't be automatically converted. Source: app/templates/administrative-units/administrative-unit/governing-bodies/governing-body/index.hbs
2023-06-09T07:23:30.693Z [warn] WARNING: {{date-format}} was not converted as it has positional parameters which can't be automatically converted. Source: app/templates/administrative-units/administrative-unit/governing-bodies/governing-body/index.hbs
2023-06-09T07:23:30.696Z [warn] WARNING: {{page-title}} was not converted as it has positional parameters which can't be automatically converted. Source: app/templates/administrative-units/administrative-unit/governing-bodies/governing-body/mandatory.hbs
2023-06-09T07:23:30.703Z [warn] WARNING: {{page-title}} was not converted as it has positional parameters which can't be automatically converted. Source: app/templates/route-not-found.hbs
2023-06-09T07:23:30.752Z [warn] WARNING: {{page-title}} was not converted as it has positional parameters which can't be automatically converted. Source: app/templates/legal/cookiestatement.hbs
2023-06-09T07:23:30.763Z [warn] WARNING: {{page-title}} was not converted as it has positional parameters which can't be automatically converted. Source: app/templates/legal/accessibilitystatement.hbs
2023-06-09T07:23:30.794Z [warn] WARNING: {{page-title}} was not converted as it has positional parameters which can't be automatically converted. Source: app/templates/people/person/positions.hbs
2023-06-09T07:23:30.797Z [warn] WARNING: {{breadcrumb}} was not converted as it has positional parameters which can't be automatically converted. Source: app/templates/people/person/positions.hbs
2023-06-09T07:23:30.810Z [warn] WARNING: {{page-title}} was not converted as it has positional parameters which can't be automatically converted. Source: app/templates/administrative-units/administrative-unit/governing-bodies/governing-body.hbs
2023-06-09T07:23:30.810Z [warn] WARNING: {{breadcrumb}} was not converted as it has positional parameters which can't be automatically converted. Source: app/templates/administrative-units/administrative-unit/governing-bodies/governing-body.hbs
2023-06-09T07:23:30.889Z [warn] WARNING: {{page-title}} was not converted as it has positional parameters which can't be automatically converted. Source: app/templates/administrative-units.hbs
2023-06-09T07:23:30.892Z [warn] WARNING: {{breadcrumb}} was not converted as it has positional parameters which can't be automatically converted. Source: app/templates/administrative-units.hbs
2023-06-09T07:23:30.909Z [warn] WARNING: {{config}} was not converted as it has positional parameters which can't be automatically converted. Source: app/templates/index.hbs
2023-06-09T07:23:30.909Z [warn] WARNING: {{config}} was not converted as it has positional parameters which can't be automatically converted. Source: app/templates/index.hbs
2023-06-09T07:23:30.909Z [warn] WARNING: {{config}} was not converted as it has positional parameters which can't be automatically converted. Source: app/templates/index.hbs
